<?xml version="1.0" encoding="UTF-8"?>
<testng-results ignored="0" total="3" passed="3" failed="0" skipped="0">
  <reporter-output>
  </reporter-output>
  <suite started-at="2021-05-28T20:26:13 PKT" name="EcommerceBuyProduct" finished-at="2021-05-28T20:30:26 PKT" duration-ms="253429">
    <groups>
    </groups>
    <test started-at="2021-05-28T20:26:13 PKT" name="EcommerceBuyProduct Test" finished-at="2021-05-28T20:30:26 PKT" duration-ms="253429">
      <class name="com.ecommercebuyproduct.testcases.TC_03">
        <test-method is-config="true" signature="main(java.lang.String)[pri:0, instance:com.ecommercebuyproduct.testcases.TC_03@35ef1869]" started-at="2021-05-28T20:29:06 PKT" name="main" finished-at="2021-05-28T20:30:07 PKT" duration-ms="61406" status="PASS">
          <params>
            <param index="0">
              <value>
                <![CDATA[edge]]>
              </value>
            </param>
          </params>
          <reporter-output>
          </reporter-output>
        </test-method> <!-- main -->
        <test-method signature="TC3()[pri:0, instance:com.ecommercebuyproduct.testcases.TC_03@35ef1869]" started-at="2021-05-28T20:30:07 PKT" name="TC3" finished-at="2021-05-28T20:30:22 PKT" duration-ms="14585" status="PASS">
          <reporter-output>
          </reporter-output>
        </test-method> <!-- TC3 -->
        <test-method is-config="true" signature="tearDown()[pri:0, instance:com.ecommercebuyproduct.testcases.TC_03@35ef1869]" started-at="2021-05-28T20:30:22 PKT" name="tearDown" finished-at="2021-05-28T20:30:26 PKT" duration-ms="4506" status="PASS">
          <reporter-output>
          </reporter-output>
        </test-method> <!-- tearDown -->
      </class> <!-- com.ecommercebuyproduct.testcases.TC_03 -->
      <class name="com.ecommercebuyproduct.testcases.TC_01">
        <test-method is-config="true" signature="main(java.lang.String)[pri:0, instance:com.ecommercebuyproduct.testcases.TC_01@1cbbffcd]" started-at="2021-05-28T20:26:13 PKT" name="main" finished-at="2021-05-28T20:27:34 PKT" duration-ms="81126" status="PASS">
          <params>
            <param index="0">
              <value>
                <![CDATA[edge]]>
              </value>
            </param>
          </params>
          <reporter-output>
          </reporter-output>
        </test-method> <!-- main -->
        <test-method signature="TC1()[pri:0, instance:com.ecommercebuyproduct.testcases.TC_01@1cbbffcd]" started-at="2021-05-28T20:27:34 PKT" name="TC1" finished-at="2021-05-28T20:28:12 PKT" duration-ms="37175" status="PASS">
          <reporter-output>
          </reporter-output>
        </test-method> <!-- TC1 -->
        <test-method is-config="true" signature="tearDown()[pri:0, instance:com.ecommercebuyproduct.testcases.TC_01@1cbbffcd]" started-at="2021-05-28T20:28:12 PKT" name="tearDown" finished-at="2021-05-28T20:28:16 PKT" duration-ms="4352" status="PASS">
          <reporter-output>
          </reporter-output>
        </test-method> <!-- tearDown -->
      </class> <!-- com.ecommercebuyproduct.testcases.TC_01 -->
      <class name="com.ecommercebuyproduct.testcases.TC_02">
        <test-method signature="TC2(java.lang.String)[pri:0, instance:com.ecommercebuyproduct.testcases.TC_02@3c407114]" started-at="2021-05-28T20:28:16 PKT" name="TC2" finished-at="2021-05-28T20:29:04 PKT" duration-ms="48506" status="PASS">
          <params>
            <param index="0">
              <value>
                <![CDATA[edge]]>
              </value>
            </param>
          </params>
          <reporter-output>
          </reporter-output>
        </test-method> <!-- TC2 -->
        <test-method is-config="true" signature="tearDown()[pri:0, instance:com.ecommercebuyproduct.testcases.TC_02@3c407114]" started-at="2021-05-28T20:29:04 PKT" name="tearDown" finished-at="2021-05-28T20:29:06 PKT" duration-ms="1410" status="PASS">
          <reporter-output>
          </reporter-output>
        </test-method> <!-- tearDown -->
      </class> <!-- com.ecommercebuyproduct.testcases.TC_02 -->
    </test> <!-- EcommerceBuyProduct Test -->
  </suite> <!-- EcommerceBuyProduct -->
</testng-results>
