<?xml version="1.0" encoding="UTF-8"?>
<!-- Generated by org.testng.reporters.JUnitXMLReporter -->
<testsuite ignored="0" hostname="Dell" failures="0" tests="3" name="EcommerceBuyProduct Test" time="253.429" errors="0" timestamp="2021-05-28T20:30:26 PKT">
  <testcase classname="com.ecommercebuyproduct.testcases.TC_01" name="TC1" time="37.175"/>
  <testcase classname="com.ecommercebuyproduct.testcases.TC_02" name="TC2" time="48.506"/>
  <testcase classname="com.ecommercebuyproduct.testcases.TC_03" name="TC3" time="14.585"/>
</testsuite> <!-- EcommerceBuyProduct Test -->
